2025-07-07 17:58:30,437 INFO Checking if system is running on battery is skipped. Please install powermgmt-base package to check power status and skip installing updates when the system is running on battery.
2025-07-07 17:58:30,453 WARNING Could not figure out development release: Distribution data outdated. Please check for an update for distro-info-data. See /usr/share/doc/distro-info-data/README.Debian for details.
2025-07-07 17:58:30,453 INFO Starting unattended upgrades script
2025-07-07 17:58:30,454 INFO Allowed origins are: o=Ubuntu,a=noble, o=Ubuntu,a=noble-security, o=UbuntuESMApps,a=noble-apps-security, o=UbuntuESM,a=noble-infra-security
2025-07-07 17:58:30,454 INFO Initial blacklist: 
2025-07-07 17:58:30,454 INFO Initial whitelist (not strict): 
2025-07-07 17:59:01,213 INFO Packages that will be upgraded: apport apport-core-dump-handler binutils binutils-common binutils-x86-64-linux-gnu dirmngr gir1.2-glib-2.0 git git-man gnupg gnupg-l10n gnupg-utils gpg gpg-agent gpg-wks-client gpgconf gpgsm gpgv keyboxd krb5-locales libbinutils libcap2 libcap2-bin libctf-nobfd0 libctf0 libdw1t64 libelf1t64 libglib2.0-0t64 libglib2.0-bin libglib2.0-data libgnutls30t64 libgprofng0 libgssapi-krb5-2 libk5crypto3 libkrb5-3 libkrb5support0 liblzma5 libnss-systemd libpam-cap libpam-systemd libperl5.38t64 libsframe1 libsqlite3-0 libssl3t64 libsystemd-shared libsystemd0 libtasn1-6 libudev1 libxml2 openssh-client openssl perl perl-base perl-modules-5.38 python3-apport python3-jinja2 python3-pkg-resources python3-problem-report python3-setuptools python3-setuptools-whl rsync systemd systemd-dev systemd-resolved systemd-sysv systemd-timesyncd tzdata udev vim vim-common vim-runtime vim-tiny xxd xz-utils
2025-07-07 17:59:01,219 INFO Writing dpkg log to /var/log/unattended-upgrades/unattended-upgrades-dpkg.log
2025-07-07 17:59:56,334 INFO All upgrades installed
2025-07-10 10:11:38,748 INFO Checking if system is running on battery is skipped. Please install powermgmt-base package to check power status and skip installing updates when the system is running on battery.
2025-07-10 10:11:38,785 WARNING Could not figure out development release: Distribution data outdated. Please check for an update for distro-info-data. See /usr/share/doc/distro-info-data/README.Debian for details.
2025-07-10 10:11:38,785 INFO Starting unattended upgrades script
2025-07-10 10:11:38,787 INFO Allowed origins are: o=Ubuntu,a=noble, o=Ubuntu,a=noble-security, o=UbuntuESMApps,a=noble-apps-security, o=UbuntuESM,a=noble-infra-security
2025-07-10 10:11:38,787 INFO Initial blacklist: 
2025-07-10 10:11:38,787 INFO Initial whitelist (not strict): 
2025-07-10 18:15:28,789 INFO Checking if system is running on battery is skipped. Please install powermgmt-base package to check power status and skip installing updates when the system is running on battery.
2025-07-10 18:15:28,836 WARNING Could not figure out development release: Distribution data outdated. Please check for an update for distro-info-data. See /usr/share/doc/distro-info-data/README.Debian for details.
2025-07-10 18:15:28,837 INFO Starting unattended upgrades script
2025-07-10 18:15:28,838 INFO Allowed origins are: o=Ubuntu,a=noble, o=Ubuntu,a=noble-security, o=UbuntuESMApps,a=noble-apps-security, o=UbuntuESM,a=noble-infra-security
2025-07-10 18:15:28,838 INFO Initial blacklist: 
2025-07-10 18:15:28,838 INFO Initial whitelist (not strict): 
2025-07-14 10:09:04,972 INFO Checking if system is running on battery is skipped. Please install powermgmt-base package to check power status and skip installing updates when the system is running on battery.
2025-07-14 10:09:04,995 WARNING Could not figure out development release: Distribution data outdated. Please check for an update for distro-info-data. See /usr/share/doc/distro-info-data/README.Debian for details.
2025-07-14 10:09:04,995 INFO Starting unattended upgrades script
2025-07-14 10:09:04,996 INFO Allowed origins are: o=Ubuntu,a=noble, o=Ubuntu,a=noble-security, o=UbuntuESMApps,a=noble-apps-security, o=UbuntuESM,a=noble-infra-security
2025-07-14 10:09:04,996 INFO Initial blacklist: 
2025-07-14 10:09:04,996 INFO Initial whitelist (not strict): 
2025-07-14 10:09:20,953 INFO Checking if system is running on battery is skipped. Please install powermgmt-base package to check power status and skip installing updates when the system is running on battery.
2025-07-14 10:09:20,967 WARNING Could not figure out development release: Distribution data outdated. Please check for an update for distro-info-data. See /usr/share/doc/distro-info-data/README.Debian for details.
2025-07-14 10:09:20,967 INFO Starting unattended upgrades script
2025-07-14 10:09:20,967 INFO Allowed origins are: o=Ubuntu,a=noble, o=Ubuntu,a=noble-security, o=UbuntuESMApps,a=noble-apps-security, o=UbuntuESM,a=noble-infra-security
2025-07-14 10:09:20,967 INFO Initial blacklist: 
2025-07-14 10:09:20,967 INFO Initial whitelist (not strict): 
2025-07-14 10:09:33,539 INFO Packages that will be upgraded: dirmngr git git-man gnupg gnupg-l10n gnupg-utils gpg gpg-agent gpg-wks-client gpgconf gpgsm gpgv keyboxd libpam-modules libpam-modules-bin libpam-runtime libpam0g libpython3.12-dev libpython3.12-minimal libpython3.12-stdlib libpython3.12t64 libssh-4 linux-libc-dev python3-pip python3-pip-whl python3-requests python3-urllib3 python3.12 python3.12-dev python3.12-minimal python3.12-venv sudo
2025-07-14 10:09:33,540 INFO Writing dpkg log to /var/log/unattended-upgrades/unattended-upgrades-dpkg.log
2025-07-14 10:09:59,722 INFO All upgrades installed
2025-07-15 10:10:57,933 INFO Checking if system is running on battery is skipped. Please install powermgmt-base package to check power status and skip installing updates when the system is running on battery.
2025-07-15 10:10:57,958 WARNING Could not figure out development release: Distribution data outdated. Please check for an update for distro-info-data. See /usr/share/doc/distro-info-data/README.Debian for details.
2025-07-15 10:10:57,958 INFO Starting unattended upgrades script
2025-07-15 10:10:57,960 INFO Allowed origins are: o=Ubuntu,a=noble, o=Ubuntu,a=noble-security, o=UbuntuESMApps,a=noble-apps-security, o=UbuntuESM,a=noble-infra-security
2025-07-15 10:10:57,960 INFO Initial blacklist: 
2025-07-15 10:10:57,960 INFO Initial whitelist (not strict): 
2025-07-17 18:36:22,730 INFO Checking if system is running on battery is skipped. Please install powermgmt-base package to check power status and skip installing updates when the system is running on battery.
2025-07-17 18:36:22,733 WARNING Could not figure out development release: Distribution data outdated. Please check for an update for distro-info-data. See /usr/share/doc/distro-info-data/README.Debian for details.
2025-07-17 18:36:22,733 INFO Starting unattended upgrades script
2025-07-17 18:36:22,734 INFO Allowed origins are: o=Ubuntu,a=noble, o=Ubuntu,a=noble-security, o=UbuntuESMApps,a=noble-apps-security, o=UbuntuESM,a=noble-infra-security
2025-07-17 18:36:22,734 INFO Initial blacklist: 
2025-07-17 18:36:22,734 INFO Initial whitelist (not strict): 
2025-07-18 18:23:24,570 INFO Checking if system is running on battery is skipped. Please install powermgmt-base package to check power status and skip installing updates when the system is running on battery.
2025-07-18 18:23:24,587 WARNING Could not figure out development release: Distribution data outdated. Please check for an update for distro-info-data. See /usr/share/doc/distro-info-data/README.Debian for details.
2025-07-18 18:23:24,588 INFO Starting unattended upgrades script
2025-07-18 18:23:24,590 INFO Allowed origins are: o=Ubuntu,a=noble, o=Ubuntu,a=noble-security, o=UbuntuESMApps,a=noble-apps-security, o=UbuntuESM,a=noble-infra-security
2025-07-18 18:23:24,590 INFO Initial blacklist: 
2025-07-18 18:23:24,590 INFO Initial whitelist (not strict): 
2025-07-21 10:25:10,130 INFO Checking if system is running on battery is skipped. Please install powermgmt-base package to check power status and skip installing updates when the system is running on battery.
2025-07-21 10:25:10,201 WARNING Could not figure out development release: Distribution data outdated. Please check for an update for distro-info-data. See /usr/share/doc/distro-info-data/README.Debian for details.
2025-07-21 10:25:10,202 INFO Starting unattended upgrades script
2025-07-21 10:25:10,204 INFO Allowed origins are: o=Ubuntu,a=noble, o=Ubuntu,a=noble-security, o=UbuntuESMApps,a=noble-apps-security, o=UbuntuESM,a=noble-infra-security
2025-07-21 10:25:10,204 INFO Initial blacklist: 
2025-07-21 10:25:10,205 INFO Initial whitelist (not strict): 
2025-07-21 10:25:46,288 INFO Checking if system is running on battery is skipped. Please install powermgmt-base package to check power status and skip installing updates when the system is running on battery.
2025-07-21 10:25:46,294 WARNING Could not figure out development release: Distribution data outdated. Please check for an update for distro-info-data. See /usr/share/doc/distro-info-data/README.Debian for details.
2025-07-21 10:25:46,294 INFO Starting unattended upgrades script
2025-07-21 10:25:46,295 INFO Allowed origins are: o=Ubuntu,a=noble, o=Ubuntu,a=noble-security, o=UbuntuESMApps,a=noble-apps-security, o=UbuntuESM,a=noble-infra-security
2025-07-21 10:25:46,295 INFO Initial blacklist: 
2025-07-21 10:25:46,295 INFO Initial whitelist (not strict): 
2025-07-21 10:25:51,515 INFO Packages that will be upgraded: apport apport-core-dump-handler libc-bin libc-dev-bin libc-devtools libc6 libc6-dev libgnutls30t64 linux-libc-dev locales python3-apport python3-problem-report
2025-07-21 10:25:51,515 INFO Writing dpkg log to /var/log/unattended-upgrades/unattended-upgrades-dpkg.log
2025-07-21 10:26:07,962 INFO All upgrades installed
2025-07-22 18:45:57,102 INFO Checking if system is running on battery is skipped. Please install powermgmt-base package to check power status and skip installing updates when the system is running on battery.
2025-07-22 18:45:57,118 WARNING Could not figure out development release: Distribution data outdated. Please check for an update for distro-info-data. See /usr/share/doc/distro-info-data/README.Debian for details.
2025-07-22 18:45:57,118 INFO Starting unattended upgrades script
2025-07-22 18:45:57,119 INFO Allowed origins are: o=Ubuntu,a=noble, o=Ubuntu,a=noble-security, o=UbuntuESMApps,a=noble-apps-security, o=UbuntuESM,a=noble-infra-security
2025-07-22 18:45:57,119 INFO Initial blacklist: 
2025-07-22 18:45:57,119 INFO Initial whitelist (not strict): 
2025-07-23 10:22:35,740 INFO Checking if system is running on battery is skipped. Please install powermgmt-base package to check power status and skip installing updates when the system is running on battery.
2025-07-23 10:22:35,788 WARNING Could not figure out development release: Distribution data outdated. Please check for an update for distro-info-data. See /usr/share/doc/distro-info-data/README.Debian for details.
2025-07-23 10:22:35,788 INFO Starting unattended upgrades script
2025-07-23 10:22:35,789 INFO Allowed origins are: o=Ubuntu,a=noble, o=Ubuntu,a=noble-security, o=UbuntuESMApps,a=noble-apps-security, o=UbuntuESM,a=noble-infra-security
2025-07-23 10:22:35,789 INFO Initial blacklist: 
2025-07-23 10:22:35,789 INFO Initial whitelist (not strict): 
2025-07-23 10:22:43,307 INFO Packages that will be upgraded: gh
2025-07-23 10:22:43,307 INFO Writing dpkg log to /var/log/unattended-upgrades/unattended-upgrades-dpkg.log
2025-07-23 10:22:47,237 INFO All upgrades installed
2025-07-23 10:23:10,863 INFO Checking if system is running on battery is skipped. Please install powermgmt-base package to check power status and skip installing updates when the system is running on battery.
2025-07-23 10:23:10,871 WARNING Could not figure out development release: Distribution data outdated. Please check for an update for distro-info-data. See /usr/share/doc/distro-info-data/README.Debian for details.
2025-07-23 10:23:10,871 INFO Starting unattended upgrades script
2025-07-23 10:23:10,871 INFO Allowed origins are: o=Ubuntu,a=noble, o=Ubuntu,a=noble-security, o=UbuntuESMApps,a=noble-apps-security, o=UbuntuESM,a=noble-infra-security
2025-07-23 10:23:10,871 INFO Initial blacklist: 
2025-07-23 10:23:10,871 INFO Initial whitelist (not strict): 
2025-07-27 12:34:37,957 INFO Checking if system is running on battery is skipped. Please install powermgmt-base package to check power status and skip installing updates when the system is running on battery.
2025-07-27 12:34:37,962 WARNING Could not figure out development release: Distribution data outdated. Please check for an update for distro-info-data. See /usr/share/doc/distro-info-data/README.Debian for details.
2025-07-27 12:34:37,962 INFO Starting unattended upgrades script
2025-07-27 12:34:37,963 INFO Allowed origins are: o=Ubuntu,a=noble, o=Ubuntu,a=noble-security, o=UbuntuESMApps,a=noble-apps-security, o=UbuntuESM,a=noble-infra-security
2025-07-27 12:34:37,963 INFO Initial blacklist: 
2025-07-27 12:34:37,963 INFO Initial whitelist (not strict): 
2025-08-05 11:31:51,926 INFO Checking if system is running on battery is skipped. Please install powermgmt-base package to check power status and skip installing updates when the system is running on battery.
2025-08-05 11:31:51,937 WARNING Could not figure out development release: Distribution data outdated. Please check for an update for distro-info-data. See /usr/share/doc/distro-info-data/README.Debian for details.
2025-08-05 11:31:51,937 INFO Starting unattended upgrades script
2025-08-05 11:31:51,938 INFO Allowed origins are: o=Ubuntu,a=noble, o=Ubuntu,a=noble-security, o=UbuntuESMApps,a=noble-apps-security, o=UbuntuESM,a=noble-infra-security
2025-08-05 11:31:51,938 INFO Initial blacklist: 
2025-08-05 11:31:51,938 INFO Initial whitelist (not strict): 
